{"name":"someJson","status":"broken","statusDetails":{"known":false,"muted":false,"flaky":false,"message":"Cannot find elements when the XPath is null.","trace":"java.lang.IllegalArgumentException: Cannot find elements when the XPath is null.\r\n\tat org.openqa.selenium.By$ByXPath.<init>(By.java:382)\r\n\tat org.openqa.selenium.By.xpath(By.java:100)\r\n\tat pageobject.CatalogPage.productSearch(CatalogPage.java:107)\r\n\tat test.FirstJson.getProducts(FirstJson.java:194)\r\n\tat test.FirstJson.someJson(FirstJson.java:154)\r\n\tat sun.reflect.NativeMethodAccessorImpl.invoke0(Native Method)\r\n\tat sun.reflect.NativeMethodAccessorImpl.invoke(NativeMethodAccessorImpl.java:62)\r\n\tat sun.reflect.DelegatingMethodAccessorImpl.invoke(DelegatingMethodAccessorImpl.java:43)\r\n\tat java.lang.reflect.Method.invoke(Method.java:498)\r\n\tat org.testng.internal.MethodInvocationHelper.invokeMethod(MethodInvocationHelper.java:133)\r\n\tat org.testng.internal.TestInvoker.invokeMethod(TestInvoker.java:584)\r\n\tat org.testng.internal.TestInvoker.invokeTestMethod(TestInvoker.java:172)\r\n\tat org.testng.internal.MethodRunner.runInSequence(MethodRunner.java:46)\r\n\tat org.testng.internal.TestInvoker$MethodInvocationAgent.invoke(TestInvoker.java:804)\r\n\tat org.testng.internal.TestInvoker.invokeTestMethods(TestInvoker.java:145)\r\n\tat org.testng.internal.TestMethodWorker.invokeTestMethods(TestMethodWorker.java:146)\r\n\tat org.testng.internal.TestMethodWorker.run(TestMethodWorker.java:128)\r\n\tat java.util.ArrayList.forEach(ArrayList.java:1259)\r\n\tat org.testng.TestRunner.privateRun(TestRunner.java:770)\r\n\tat org.testng.TestRunner.run(TestRunner.java:591)\r\n\tat org.testng.SuiteRunner.runTest(SuiteRunner.java:402)\r\n\tat org.testng.SuiteRunner.runSequentially(SuiteRunner.java:396)\r\n\tat org.testng.SuiteRunner.privateRun(SuiteRunner.java:355)\r\n\tat org.testng.SuiteRunner.run(SuiteRunner.java:304)\r\n\tat org.testng.SuiteRunnerWorker.runSuite(SuiteRunnerWorker.java:53)\r\n\tat org.testng.SuiteRunnerWorker.run(SuiteRunnerWorker.java:96)\r\n\tat org.testng.TestNG.runSuitesSequentially(TestNG.java:1180)\r\n\tat org.testng.TestNG.runSuitesLocally(TestNG.java:1102)\r\n\tat org.testng.TestNG.runSuites(TestNG.java:1032)\r\n\tat org.testng.TestNG.run(TestNG.java:1000)\r\n\tat com.intellij.rt.testng.IDEARemoteTestNG.run(IDEARemoteTestNG.java:66)\r\n\tat com.intellij.rt.testng.RemoteTestNGStarter.main(RemoteTestNGStarter.java:109)\r\n"},"stage":"finished","description":"Description","steps":[{"name":"Step 0 - открыть страницу Яндекс.Маркет","status":"passed","stage":"finished","steps":[],"attachments":[{"name":"Attachment Screenshot","source":"14c8a65b-5de2-41ce-8c00-002b27ac0bdd-attachment","type":"image/png"}],"parameters":[],"start":1603260973189,"stop":1603260978010},{"name":"Step 1 - ввести в строку поиска какой-либо товар (например, модель вашего телефона)","status":"passed","stage":"finished","steps":[],"attachments":[{"name":"Attachment Screenshot","source":"f4c39dcb-b359-4630-acf2-eff9cc5dd60d-attachment","type":"image/png"}],"parameters":[],"start":1603260978405,"stop":1603260979679},{"name":"Step 2 - нажать кнопку Найти","status":"passed","stage":"finished","steps":[],"attachments":[{"name":"Attachment Screenshot","source":"f01b7c1a-724d-4332-b8f9-07f5d9a46a8d-attachment","type":"image/png"}],"parameters":[],"start":1603260979680,"stop":1603260985286},{"name":"Step 3 - получить список найденных товаров (наименование товара - цена)","status":"broken","statusDetails":{"known":false,"muted":false,"flaky":false,"message":"Cannot find elements when the XPath is null.","trace":"java.lang.IllegalArgumentException: Cannot find elements when the XPath is null.\r\n\tat org.openqa.selenium.By$ByXPath.<init>(By.java:382)\r\n\tat org.openqa.selenium.By.xpath(By.java:100)\r\n\tat pageobject.CatalogPage.productSearch(CatalogPage.java:107)\r\n\tat test.FirstJson.getProducts(FirstJson.java:194)\r\n\tat test.FirstJson.someJson(FirstJson.java:154)\r\n\tat sun.reflect.NativeMethodAccessorImpl.invoke0(Native Method)\r\n\tat sun.reflect.NativeMethodAccessorImpl.invoke(NativeMethodAccessorImpl.java:62)\r\n\tat sun.reflect.DelegatingMethodAccessorImpl.invoke(DelegatingMethodAccessorImpl.java:43)\r\n\tat java.lang.reflect.Method.invoke(Method.java:498)\r\n\tat org.testng.internal.MethodInvocationHelper.invokeMethod(MethodInvocationHelper.java:133)\r\n\tat org.testng.internal.TestInvoker.invokeMethod(TestInvoker.java:584)\r\n\tat org.testng.internal.TestInvoker.invokeTestMethod(TestInvoker.java:172)\r\n\tat org.testng.internal.MethodRunner.runInSequence(MethodRunner.java:46)\r\n\tat org.testng.internal.TestInvoker$MethodInvocationAgent.invoke(TestInvoker.java:804)\r\n\tat org.testng.internal.TestInvoker.invokeTestMethods(TestInvoker.java:145)\r\n\tat org.testng.internal.TestMethodWorker.invokeTestMethods(TestMethodWorker.java:146)\r\n\tat org.testng.internal.TestMethodWorker.run(TestMethodWorker.java:128)\r\n\tat java.util.ArrayList.forEach(ArrayList.java:1259)\r\n\tat org.testng.TestRunner.privateRun(TestRunner.java:770)\r\n\tat org.testng.TestRunner.run(TestRunner.java:591)\r\n\tat org.testng.SuiteRunner.runTest(SuiteRunner.java:402)\r\n\tat org.testng.SuiteRunner.runSequentially(SuiteRunner.java:396)\r\n\tat org.testng.SuiteRunner.privateRun(SuiteRunner.java:355)\r\n\tat org.testng.SuiteRunner.run(SuiteRunner.java:304)\r\n\tat org.testng.SuiteRunnerWorker.runSuite(SuiteRunnerWorker.java:53)\r\n\tat org.testng.SuiteRunnerWorker.run(SuiteRunnerWorker.java:96)\r\n\tat org.testng.TestNG.runSuitesSequentially(TestNG.java:1180)\r\n\tat org.testng.TestNG.runSuitesLocally(TestNG.java:1102)\r\n\tat org.testng.TestNG.runSuites(TestNG.java:1032)\r\n\tat org.testng.TestNG.run(TestNG.java:1000)\r\n\tat com.intellij.rt.testng.IDEARemoteTestNG.run(IDEARemoteTestNG.java:66)\r\n\tat com.intellij.rt.testng.RemoteTestNGStarter.main(RemoteTestNGStarter.java:109)\r\n"},"stage":"finished","steps":[],"attachments":[],"parameters":[],"start":1603260985333,"stop":1603260985340}],"attachments":[],"parameters":[],"start":1603260973153,"stop":1603260985354,"uuid":"12973841-faba-44b9-b405-064d0ee20d5a","historyId":"232aed8e51d417074cc000208bef8b0d","fullName":"test.FirstJson.someJson","labels":[{"name":"package","value":"test.FirstJson"},{"name":"testClass","value":"test.FirstJson"},{"name":"testMethod","value":"someJson"},{"name":"parentSuite","value":"Default Suite"},{"name":"suite","value":"yandextest2"},{"name":"subSuite","value":"test.FirstJson"},{"name":"host","value":"DBoychuk-PC"},{"name":"thread","value":"17524@DBoychuk-PC.main(1)"},{"name":"framework","value":"testng"},{"name":"language","value":"java"},{"name":"feature","value":"Feature"},{"name":"epic","value":"Epic"},{"name":"story","value":"Story"},{"name":"owner","value":"Бойчук Денис Иванович"},{"name":"severity","value":"normal"}],"links":[]}